-------------------------------------------------------------------------------
Test set: TestSuite
-------------------------------------------------------------------------------
Tests run: 1, Failures: 1, Errors: 0, Skipped: 0, Time elapsed: 21.717 s <<< FAILURE! - in TestSuite
scenario(com.qa.runners.MyTestNGRunnerTest)  Time elapsed: 6.342 s  <<< FAILURE!
org.junit.ComparisonFailure: expected:<PRO TI[P]> but was:<PRO TI[]>

